<?xml version="1.0" encoding="UTF-8" ?>
<testsuite errors="0" failures="0" hostname="Bashar-PC" name="Shopping.ShoppingListArrayTest" skipped="0" tests="8" time="0.049" timestamp="2021-02-16T00:21:40">
  <properties>
[...]
</properties>
  <testcase classname="Shopping.ShoppingListArrayTest" name="testAdd" time="0.003" />
  <testcase classname="Shopping.ShoppingListArrayTest" name="testFind" time="0.001" />
  <testcase classname="Shopping.ShoppingListArrayTest" name="testSize" time="0.0" />
  <testcase classname="Shopping.ShoppingListArrayTest" name="testAddExpands" time="0.001" />
  <testcase classname="Shopping.ShoppingListArrayTest" name="testContains" time="0.0" />
  <testcase classname="Shopping.ShoppingListArrayTest" name="testIndexOf" time="0.0" />
  <testcase classname="Shopping.ShoppingListArrayTest" name="testIsEmpty" time="0.0" />
  <testcase classname="Shopping.ShoppingListArrayTest" name="testRemove" time="0.0" />
  <system-out><![CDATA[Entry{name=Mayo, category=Dressing / Mayo, aisle=1, price=2.99, quantity=1}
NAME                     CATEGORY          AISLE     QUANTITY  PRICE     
-------------------------------------------------------------------------
Mayo                     Dressing / Mayo   1         2         2.99      
-------------------------------------------------------------------------

]]></system-out>
  <system-err><![CDATA[]]></system-err>
</testsuite>
